Сборка начата 19.07.2024 11:18:57.
Уровень детализации журнала: Normal.     1>Проект "C:\Users\Manmade\Desktop\ASD_2sem\Code\lab_6_\lab_6_\lab_6_.vcxproj" в узле 2 (целевые объекты Build).
     1>PrepareForBuild:
         Структурированный вывод включен. Форматирование диагностики компилятора будет отражать иерархию ошибок. Подробнее см. https://aka.ms/cpp/structured-output.
       InitializeBuildStatus:
         Создание "x64\Debug\lab_6_.tlog\unsuccessfulbuild", так как было задано "AlwaysCreate".
         Обращение к "x64\Debug\lab_6_.tlog\unsuccessfulbuild".
       ClCompile:
         C:\Program Files\Microsoft Visual Studio\2022\Community\VC\Tools\MSVC\14.39.33519\bin\HostX64\x64\CL.exe /c /ZI /JMC /nologo /W3 /WX- /diagnostics:column /sdl /Od /D _DEBUG /D _CONSOLE /D _UNICODE /D UNICODE /Gm- /EHsc /RTC1 /MDd /GS /fp:precise /Zc:wchar_t /Zc:forScope /Zc:inline /permissive- /Fo"x64\Debug\\" /Fd"x64\Debug\vc143.pdb" /external:W3 /Gd /TP /FC /errorReport:prompt lab_6_.cpp
         lab_6_.cpp
     1>C:\Users\Manmade\Desktop\ASD_2sem\Code\lab_6_\lab_6_\lab_6_.cpp(20,1): warning C4326: возвращаемый тип "main" должен быть "int", а не "void"
     1>C:\Users\Manmade\Desktop\ASD_2sem\Code\lab_6_\lab_6_\lab_6_.cpp(53,22): warning C4267: инициализация: преобразование из "size_t" в "int"; возможна потеря данных
     1>C:\Users\Manmade\Desktop\ASD_2sem\Code\lab_6_\lab_6_\lab_6_.cpp(57,36): warning C4267: =: преобразование из "size_t" в "int"; возможна потеря данных
     1>C:\Users\Manmade\Desktop\ASD_2sem\Code\lab_6_\lab_6_\lab_6_.cpp(66,28): warning C4267: инициализация: преобразование из "size_t" в "int"; возможна потеря данных
     1>C:\Users\Manmade\Desktop\ASD_2sem\Code\lab_6_\lab_6_\lab_6_.cpp(189,12): warning C4244: инициализация: преобразование "__int64" в "int", возможна потеря данных
       Link:
         C:\Program Files\Microsoft Visual Studio\2022\Community\VC\Tools\MSVC\14.39.33519\bin\HostX64\x64\link.exe /ERRORREPORT:PROMPT /OUT:"C:\Users\Manmade\Desktop\ASD_2sem\Code\lab_6_\x64\Debug\lab_6_.exe" /INCREMENTAL /ILK:"x64\Debug\lab_6_.ilk" /NOLOGO kernel32.lib user32.lib gdi32.lib winspool.lib comdlg32.lib advapi32.lib shell32.lib ole32.lib oleaut32.lib uuid.lib odbc32.lib odbccp32.lib /MANIFEST /MANIFESTUAC:"level='asInvoker' uiAccess='false'" /manifest:embed /DEBUG /PDB:"C:\Users\Manmade\Desktop\ASD_2sem\Code\lab_6_\x64\Debug\lab_6_.pdb" /SUBSYSTEM:CONSOLE /TLBID:1 /DYNAMICBASE /NXCOMPAT /IMPLIB:"C:\Users\Manmade\Desktop\ASD_2sem\Code\lab_6_\x64\Debug\lab_6_.lib" /MACHINE:X64 x64\Debug\lab_6_.obj
         lab_6_.vcxproj -> C:\Users\Manmade\Desktop\ASD_2sem\Code\lab_6_\x64\Debug\lab_6_.exe
       FinalizeBuildStatus:
         Файл "x64\Debug\lab_6_.tlog\unsuccessfulbuild" удаляется.
         Обращение к "x64\Debug\lab_6_.tlog\lab_6_.lastbuildstate".
     1>Сборка проекта "C:\Users\Manmade\Desktop\ASD_2sem\Code\lab_6_\lab_6_\lab_6_.vcxproj" завершена (целевые объекты Build).

Сборка успешно завершена.

       "C:\Users\Manmade\Desktop\ASD_2sem\Code\lab_6_\lab_6_\lab_6_.vcxproj" (целевой объект Build ) (1) ->
       (Целевой объект ClCompile) -> 
         C:\Users\Manmade\Desktop\ASD_2sem\Code\lab_6_\lab_6_\lab_6_.cpp(20,1): warning C4326: возвращаемый тип "main" должен быть "int", а не "void"
         C:\Users\Manmade\Desktop\ASD_2sem\Code\lab_6_\lab_6_\lab_6_.cpp(53,22): warning C4267: инициализация: преобразование из "size_t" в "int"; возможна потеря данных
         C:\Users\Manmade\Desktop\ASD_2sem\Code\lab_6_\lab_6_\lab_6_.cpp(57,36): warning C4267: =: преобразование из "size_t" в "int"; возможна потеря данных
         C:\Users\Manmade\Desktop\ASD_2sem\Code\lab_6_\lab_6_\lab_6_.cpp(66,28): warning C4267: инициализация: преобразование из "size_t" в "int"; возможна потеря данных
         C:\Users\Manmade\Desktop\ASD_2sem\Code\lab_6_\lab_6_\lab_6_.cpp(189,12): warning C4244: инициализация: преобразование "__int64" в "int", возможна потеря данных

    Предупреждений: 5
    Ошибок: 0

Прошло времени 00:00:00.96
