Сборка начата 27.03.2024 18:55:59.
Уровень детализации журнала: Normal.     1>Проект "C:\Users\Manmade\Desktop\ASD_2sem\Code\lab_2_\lab_2_\lab_2_.vcxproj" в узле 2 (целевые объекты Build).
     1>PrepareForBuild:
         Структурированный вывод включен. Форматирование диагностики компилятора будет отражать иерархию ошибок. Подробнее см. https://aka.ms/cpp/structured-output.
       InitializeBuildStatus:
         Создание "x64\Debug\lab_2_.tlog\unsuccessfulbuild", так как было задано "AlwaysCreate".
         Обращение к "x64\Debug\lab_2_.tlog\unsuccessfulbuild".
       ClCompile:
         C:\Program Files\Microsoft Visual Studio\2022\Community\VC\Tools\MSVC\14.39.33519\bin\HostX64\x64\CL.exe /c /ZI /JMC /nologo /W3 /WX- /diagnostics:column /sdl /Od /D _DEBUG /D _CONSOLE /D _UNICODE /D UNICODE /Gm- /EHsc /RTC1 /MDd /GS /fp:precise /Zc:wchar_t /Zc:forScope /Zc:inline /permissive- /Fo"x64\Debug\\" /Fd"x64\Debug\vc143.pdb" /external:W3 /Gd /TP /FC /errorReport:prompt lab_2_.cpp
         lab_2_.cpp
     1>C:\Users\Manmade\Desktop\ASD_2sem\Code\lab_2_\lab_2_\lab_2_.cpp(4,13): warning C4326: возвращаемый тип "main" должен быть "int", а не "void"
       Link:
         C:\Program Files\Microsoft Visual Studio\2022\Community\VC\Tools\MSVC\14.39.33519\bin\HostX64\x64\link.exe /ERRORREPORT:PROMPT /OUT:"C:\Users\Manmade\Desktop\ASD_2sem\Code\lab_2_\x64\Debug\lab_2_.exe" /INCREMENTAL /ILK:"x64\Debug\lab_2_.ilk" /NOLOGO kernel32.lib user32.lib gdi32.lib winspool.lib comdlg32.lib advapi32.lib shell32.lib ole32.lib oleaut32.lib uuid.lib odbc32.lib odbccp32.lib /MANIFEST /MANIFESTUAC:"level='asInvoker' uiAccess='false'" /manifest:embed /DEBUG /PDB:"C:\Users\Manmade\Desktop\ASD_2sem\Code\lab_2_\x64\Debug\lab_2_.pdb" /SUBSYSTEM:CONSOLE /TLBID:1 /DYNAMICBASE /NXCOMPAT /IMPLIB:"C:\Users\Manmade\Desktop\ASD_2sem\Code\lab_2_\x64\Debug\lab_2_.lib" /MACHINE:X64 x64\Debug\lab_2_.obj
         lab_2_.vcxproj -> C:\Users\Manmade\Desktop\ASD_2sem\Code\lab_2_\x64\Debug\lab_2_.exe
       FinalizeBuildStatus:
         Файл "x64\Debug\lab_2_.tlog\unsuccessfulbuild" удаляется.
         Обращение к "x64\Debug\lab_2_.tlog\lab_2_.lastbuildstate".
     1>Сборка проекта "C:\Users\Manmade\Desktop\ASD_2sem\Code\lab_2_\lab_2_\lab_2_.vcxproj" завершена (целевые объекты Build).

Сборка успешно завершена.

       "C:\Users\Manmade\Desktop\ASD_2sem\Code\lab_2_\lab_2_\lab_2_.vcxproj" (целевой объект Build ) (1) ->
       (Целевой объект ClCompile) -> 
         C:\Users\Manmade\Desktop\ASD_2sem\Code\lab_2_\lab_2_\lab_2_.cpp(4,13): warning C4326: возвращаемый тип "main" должен быть "int", а не "void"

    Предупреждений: 1
    Ошибок: 0

Прошло времени 00:00:00.60
